#
# There is insufficient memory for the Java Runtime Environment to continue.
# Native memory allocation (mmap) failed to map 260046848 bytes for G1 virtual space
# Possible reasons:
#   The system is out of physical RAM or swap space
#   The process is running with CompressedOops enabled, and the Java Heap may be blocking the growth of the native heap
# Possible solutions:
#   Reduce memory load on the system
#   Increase physical memory or swap space
#   Check if swap backing store is full
#   Decrease Java heap size (-Xmx/-Xms)
#   Decrease number of Java threads
#   Decrease Java thread stack sizes (-Xss)
#   Set larger code cache with -XX:ReservedCodeCacheSize=
#   JVM is running with Zero Based Compressed Oops mode in which the Java heap is
#     placed in the first 32GB address space. The Java Heap base address is the
#     maximum limit for the native heap growth. Please use -XX:HeapBaseMinAddress
#     to set the Java Heap base and to place the Java Heap above 32GB virtual address.
# This output file may be truncated or incomplete.
#
#  Out of Memory Error (os_windows.cpp:3535), pid=13676, tid=17592
#
# JRE version:  (17.0.3.1+2) (build )
# Java VM: OpenJDK 64-Bit Server VM (17.0.3.1+2-LTS, mixed mode, sharing, tiered, compressed oops, compressed class ptrs, g1 gc, windows-amd64)
# No core dump will be written. Minidumps are not enabled by default on client versions of Windows
#

---------------  S U M M A R Y ------------

Command Line: --illegal-access=permit D:\Users\a.gordeeva\AppData\Local\Temp\surefire8724036080619218785\surefirebooter-20220901114455362_3.jar D:\Users\a.gordeeva\AppData\Local\Temp\surefire8724036080619218785 2022-09-01T11-44-54_946-jvmRun1 surefire-20220901114455362_1tmp surefire_0-20220901114455362_2tmp

Host: 11th Gen Intel(R) Core(TM) i5-1135G7 @ 2.40GHz, 8 cores, 15G,  Windows 10 , 64 bit Build 19041 (10.0.19041.1806)
Time: Thu Sep  1 11:44:55 2022 Russia TZ 2 Standard Time elapsed time: 0.011897 seconds (0d 0h 0m 0s)

---------------  T H R E A D  ---------------

Current thread (0x000001a1a23688f0):  JavaThread "Unknown thread" [_thread_in_vm, id=17592, stack(0x0000000754300000,0x0000000754400000)]

Stack: [0x0000000754300000,0x0000000754400000]
Native frames: (J=compiled Java code, j=interpreted, Vv=VM code, C=native code)
V  [jvm.dll+0x645a1a]
V  [jvm.dll+0x7f69e4]
V  [jvm.dll+0x7f819e]
V  [jvm.dll+0x7f87f3]
V  [jvm.dll+0x2349b8]
V  [jvm.dll+0x64295a]
V  [jvm.dll+0x637322]
V  [jvm.dll+0x2f2c19]
V  [jvm.dll+0x2f9d66]
V  [jvm.dll+0x3456ea]
V  [jvm.dll+0x34592f]
V  [jvm.dll+0x2c93c8]
V  [jvm.dll+0x2ca359]
V  [jvm.dll+0x7ca1c1]
V  [jvm.dll+0x352b01]
V  [jvm.dll+0x7aa5ee]
V  [jvm.dll+0x3ce443]
V  [jvm.dll+0x3cfe81]
C  [jli.dll+0x51af]
C  [ucrtbase.dll+0x21bb2]
C  [KERNEL32.DLL+0x17034]
C  [ntdll.dll+0x52651]


---------------  P R O C E S S  ---------------

Threads class SMR info:
_java_thread_list=0x00007ffa4a3c3768, length=0, elements={
}

Java Threads: ( => current thread )

Other Threads:
  0x000001a1a23d01c0 GCTaskThread "GC Thread#0" [stack: 0x0000000754400000,0x0000000754500000] [id=20560]
  0x000001a1a23e0790 ConcurrentGCThread "G1 Main Marker" [stack: 0x0000000754500000,0x0000000754600000] [id=20440]
  0x000001a1a23e19e0 ConcurrentGCThread "G1 Conc#0" [stack: 0x0000000754600000,0x0000000754700000] [id=8532]

[error occurred during error reporting (printing all threads), id 0xc0000005, EXCEPTION_ACCESS_VIOLATION (0xc0000005) at pc=0x00007ffa49baa567]

VM state: not at safepoint (not fully initialized)

VM Mutex/Monitor currently owned by a thread:  ([mutex/lock_event])
[0x000001a1a2366c90] Heap_lock - owner thread: 0x000001a1a23688f0

Heap address: 0x00000004db800000, size: 3946 MB, Compressed Oops mode: Zero based, Oop shift amount: 3

CDS archive(s) mapped at: [0x0000000000000000-0x0000000000000000-0x0000000000000000), size 0, SharedBaseAddress: 0x0000000800000000, ArchiveRelocationMode: 0.
Narrow klass base: 0x0000000000000000, Narrow klass shift: 0, Narrow klass range: 0x0

GC Precious Log:
<Empty>

Heap:
 garbage-first heap   total 0K, used 0K [0x00000004db800000, 0x00000005d2200000)
  region size 2048K, 0 young (0K), 0 survivors (0K)

[error occurred during error reporting (printing heap information), id 0xc0000005, EXCEPTION_ACCESS_VIOLATION (0xc0000005) at pc=0x00007ffa49f6d4e9]

GC Heap History (0 events):
No events

Deoptimization events (0 events):
No events

Classes unloaded (0 events):
No events

Classes redefined (0 events):
No events

Internal exceptions (0 events):
No events

VM Operations (0 events):
No events

Events (1 events):
Event: 0.004 Loaded shared library C:\Program Files\BellSoft\LibericaJDK-17\bin\java.dll


Dynamic libraries:
0x00007ff61af30000 - 0x00007ff61af3d000 	C:\Program Files\BellSoft\LibericaJDK-17\bin\java.exe
0x00007ffaf8210000 - 0x00007ffaf8408000 	C:\WINDOWS\SYSTEM32\ntdll.dll
0x00007ffaf6ce0000 - 0x00007ffaf6d9d000 	C:\WINDOWS\System32\KERNEL32.DLL
0x00007ffaf5ab0000 - 0x00007ffaf5d7e000 	C:\WINDOWS\System32\KERNELBASE.dll
0x00007ffaf5f50000 - 0x00007ffaf6050000 	C:\WINDOWS\System32\ucrtbase.dll
0x00007ffae5c00000 - 0x00007ffae5c18000 	C:\Program Files\BellSoft\LibericaJDK-17\bin\jli.dll
0x00007ffaddae0000 - 0x00007ffaddaf5000 	C:\Program Files\BellSoft\LibericaJDK-17\bin\VCRUNTIME140.dll
0x00007ffaf7000000 - 0x00007ffaf71a0000 	C:\WINDOWS\System32\USER32.dll
0x00007ffada950000 - 0x00007ffadabea000 	C:\WINDOWS\WinSxS\amd64_microsoft.windows.common-controls_6595b64144ccf1df_6.0.19041.1110_none_60b5254171f9507e\COMCTL32.dll
0x00007ffaf5e70000 - 0x00007ffaf5e92000 	C:\WINDOWS\System32\win32u.dll
0x00007ffaf7d40000 - 0x00007ffaf7dde000 	C:\WINDOWS\System32\msvcrt.dll
0x00007ffaf66f0000 - 0x00007ffaf671a000 	C:\WINDOWS\System32\GDI32.dll
0x00007ffaf5900000 - 0x00007ffaf5a0b000 	C:\WINDOWS\System32\gdi32full.dll
0x00007ffaf5a10000 - 0x00007ffaf5aad000 	C:\WINDOWS\System32\msvcp_win.dll
0x00007ffaf7de0000 - 0x00007ffaf7e10000 	C:\WINDOWS\System32\IMM32.DLL
0x00007ffad3100000 - 0x00007ffad319b000 	C:\Program Files\BellSoft\LibericaJDK-17\bin\msvcp140.dll
0x00007ffa498d0000 - 0x00007ffa4a4f2000 	C:\Program Files\BellSoft\LibericaJDK-17\bin\server\jvm.dll
0x00007ffaf8040000 - 0x00007ffaf80ee000 	C:\WINDOWS\System32\ADVAPI32.dll
0x00007ffaf7fa0000 - 0x00007ffaf803c000 	C:\WINDOWS\System32\sechost.dll
0x00007ffaf71a0000 - 0x00007ffaf72c5000 	C:\WINDOWS\System32\RPCRT4.dll
0x00007ffaf6720000 - 0x00007ffaf6728000 	C:\WINDOWS\System32\PSAPI.DLL
0x00007ffade620000 - 0x00007ffade647000 	C:\WINDOWS\SYSTEM32\WINMM.dll
0x00007ffade740000 - 0x00007ffade749000 	C:\WINDOWS\SYSTEM32\WSOCK32.dll
0x00007ffae65f0000 - 0x00007ffae65fa000 	C:\WINDOWS\SYSTEM32\VERSION.dll
0x00007ffaf7a40000 - 0x00007ffaf7aab000 	C:\WINDOWS\System32\WS2_32.dll
0x00007ffaf4190000 - 0x00007ffaf41a2000 	C:\WINDOWS\SYSTEM32\kernel.appcore.dll
0x00007ffae1ee0000 - 0x00007ffae1eea000 	C:\Program Files\BellSoft\LibericaJDK-17\bin\jimage.dll
0x00007ffaf36b0000 - 0x00007ffaf3894000 	C:\WINDOWS\SYSTEM32\DBGHELP.DLL
0x00007ffae8970000 - 0x00007ffae899c000 	C:\WINDOWS\SYSTEM32\dbgcore.DLL
0x00007ffaf6050000 - 0x00007ffaf60d2000 	C:\WINDOWS\System32\bcryptPrimitives.dll
0x00007ffadd490000 - 0x00007ffadd4b5000 	C:\Program Files\BellSoft\LibericaJDK-17\bin\java.dll

dbghelp: loaded successfully - version: 4.0.5 - missing functions: none
symbol engine: initialized successfully - sym options: 0x614 - pdb path: .;C:\Program Files\BellSoft\LibericaJDK-17\bin;C:\WINDOWS\SYSTEM32;C:\WINDOWS\WinSxS\amd64_microsoft.windows.common-controls_6595b64144ccf1df_6.0.19041.1110_none_60b5254171f9507e;C:\Program Files\BellSoft\LibericaJDK-17\bin\server

VM Arguments:
jvm_args: --illegal-access=permit 
java_command: D:\Users\a.gordeeva\AppData\Local\Temp\surefire8724036080619218785\surefirebooter-20220901114455362_3.jar D:\Users\a.gordeeva\AppData\Local\Temp\surefire8724036080619218785 2022-09-01T11-44-54_946-jvmRun1 surefire-20220901114455362_1tmp surefire_0-20220901114455362_2tmp
java_class_path (initial): D:\Users\a.gordeeva\AppData\Local\Temp\surefire8724036080619218785\surefirebooter-20220901114455362_3.jar
Launcher Type: SUN_STANDARD

[Global flags]
     intx CICompilerCount                          = 4                                         {product} {ergonomic}
     uint ConcGCThreads                            = 2                                         {product} {ergonomic}
     uint G1ConcRefinementThreads                  = 8                                         {product} {ergonomic}
   size_t G1HeapRegionSize                         = 2097152                                   {product} {ergonomic}
    uintx GCDrainStackTargetSize                   = 64                                        {product} {ergonomic}
   size_t InitialHeapSize                          = 260046848                                 {product} {ergonomic}
   size_t MarkStackSize                            = 4194304                                   {product} {ergonomic}
   size_t MaxHeapSize                              = 4137680896                                {product} {ergonomic}
   size_t MinHeapDeltaBytes                        = 2097152                                   {product} {ergonomic}
   size_t MinHeapSize                              = 8388608                                   {product} {ergonomic}
    uintx NonNMethodCodeHeapSize                   = 5839372                                {pd product} {ergonomic}
    uintx NonProfiledCodeHeapSize                  = 122909434                              {pd product} {ergonomic}
    uintx ProfiledCodeHeapSize                     = 122909434                              {pd product} {ergonomic}
    uintx ReservedCodeCacheSize                    = 251658240                              {pd product} {ergonomic}
     bool SegmentedCodeCache                       = true                                      {product} {ergonomic}
   size_t SoftMaxHeapSize                          = 4137680896                             {manageable} {ergonomic}
     bool UseCompressedClassPointers               = true                           {product lp64_product} {ergonomic}
     bool UseCompressedOops                        = true                           {product lp64_product} {ergonomic}
     bool UseG1GC                                  = true                                      {product} {ergonomic}
     bool UseLargePagesIndividualAllocation        = false                                  {pd product} {ergonomic}

Logging:
Log output configuration:
 #0: stdout all=warning uptime,level,tags
 #1: stderr all=off uptime,level,tags

Environment Variables:
JAVA_HOME=C:\Program Files\BellSoft\LibericaJDK-17\
PATH=C:\Program Files\BellSoft\LibericaJDK-17\bin\;C:\Program Files\apache-maven-3.6.3\bin;C:\Program Files\BellSoft\LibericaJDK-11\bin\;C:\Program Files (x86)\Common Files\Oracle\Java\javapath;C:\WINDOWS\system32;C:\WINDOWS;C:\WINDOWS\System32\Wbem;C:\WINDOWS\System32\WindowsPowerShell\v1.0\;C:\WINDOWS\System32\OpenSSH\;C:\Program Files\Docker\Docker\resources\bin;C:\ProgramData\DockerDesktop\version-bin;D:\Users\a.gordeeva\AppData\Local\Microsoft\WindowsApps;D:\Programs\Git\cmd;%IntelliJ IDEA Community Edition%;D:\Programs\Fiddler
USERNAME=a.gordeeva
OS=Windows_NT
PROCESSOR_IDENTIFIER=Intel64 Family 6 Model 140 Stepping 1, GenuineIntel



---------------  S Y S T E M  ---------------

OS:
 Windows 10 , 64 bit Build 19041 (10.0.19041.1806)
OS uptime: 7 days 1:49 hours
Hyper-V role detected

CPU: total 8 (initial active 8) (4 cores per cpu, 2 threads per core) family 6 model 140 stepping 1 microcode 0xa4, cx8, cmov, fxsr, ht, mmx, 3dnowpref, sse, sse2, sse3, ssse3, sse4.1, sse4.2, popcnt, lzcnt, tsc, tscinvbit, avx, avx2, aes, erms, clmul, bmi1, bmi2, adx, avx512f, avx512dq, avx512cd, avx512bw, avx512vl, sha, fma, vzeroupper, avx512_vpopcntdq, avx512_vpclmulqdq, avx512_vaes, avx512_vnni, clflush, clflushopt, clwb, avx512_vbmi2, avx512_vbmi, hv

Memory: 4k page, system-wide physical 15777M (1097M free)
TotalPageFile size 27929M (AvailPageFile size 120M)
current process WorkingSet (physical memory assigned to process): 10M, peak: 10M
current process commit charge ("private bytes"): 60M, peak: 308M

vm_info: OpenJDK 64-Bit Server VM (17.0.3.1+2-LTS) for windows-amd64 JRE (17.0.3.1+2-LTS), built on May 27 2022 14:03:15 by "" with MS VC++ 15.9 (VS2017)

END.
