#
# There is insufficient memory for the Java Runtime Environment to continue.
# Native memory allocation (malloc) failed to allocate 321216 bytes for Chunk::new
# Possible reasons:
#   The system is out of physical RAM or swap space
#   The process is running with CompressedOops enabled, and the Java Heap may be blocking the growth of the native heap
# Possible solutions:
#   Reduce memory load on the system
#   Increase physical memory or swap space
#   Check if swap backing store is full
#   Decrease Java heap size (-Xmx/-Xms)
#   Decrease number of Java threads
#   Decrease Java thread stack sizes (-Xss)
#   Set larger code cache with -XX:ReservedCodeCacheSize=
#   JVM is running with Zero Based Compressed Oops mode in which the Java heap is
#     placed in the first 32GB address space. The Java Heap base address is the
#     maximum limit for the native heap growth. Please use -XX:HeapBaseMinAddress
#     to set the Java Heap base and to place the Java Heap above 32GB virtual address.
# This output file may be truncated or incomplete.
#
#  Out of Memory Error (arena.cpp:189), pid=21372, tid=15256
#
# JRE version: OpenJDK Runtime Environment (17.0.3+7) (build 17.0.3+7-LTS)
# Java VM: OpenJDK 64-Bit Server VM (17.0.3+7-LTS, mixed mode, sharing, tiered, compressed oops, compressed class ptrs, g1 gc, windows-amd64)
# No core dump will be written. Minidumps are not enabled by default on client versions of Windows
#

---------------  S U M M A R Y ------------

Command Line: -ea -Didea.test.cyclic.buffer.size=1048576 -javaagent:D:\Programs\IntelliJ IDEA Community Edition 2022.1.1\lib\idea_rt.jar=62089:D:\Programs\IntelliJ IDEA Community Edition 2022.1.1\bin -Dfile.encoding=UTF-8 com.intellij.rt.junit.JUnitStarter -ideVersion5 -junit4 UserServiceTests,getBuyerTest

Host: 11th Gen Intel(R) Core(TM) i5-1135G7 @ 2.40GHz, 8 cores, 15G,  Windows 10 , 64 bit Build 19041 (10.0.19041.1503)
Time: Wed Aug  3 13:09:32 2022 Russia TZ 2 Standard Time elapsed time: 2.108838 seconds (0d 0h 0m 2s)

---------------  T H R E A D  ---------------

Current thread (0x000001e63d50cc40):  JavaThread "C2 CompilerThread1" daemon [_thread_in_native, id=15256, stack(0x0000000573300000,0x0000000573400000)]


Current CompileTask:
C2:   2109 3223       4       java.net.URLStreamHandler::parseURL (1201 bytes)

Stack: [0x0000000573300000,0x0000000573400000]
Native frames: (J=compiled Java code, j=interpreted, Vv=VM code, C=native code)
V  [jvm.dll+0x645dda]
V  [jvm.dll+0x7f6f44]
V  [jvm.dll+0x7f86fe]
V  [jvm.dll+0x7f8d53]
V  [jvm.dll+0x234b68]
V  [jvm.dll+0xbcdcb]
V  [jvm.dll+0xbd35c]
V  [jvm.dll+0x34d6c7]
V  [jvm.dll+0x1af893]
V  [jvm.dll+0x2092bf]
V  [jvm.dll+0x208767]
V  [jvm.dll+0x198b0d]
V  [jvm.dll+0x217af9]
V  [jvm.dll+0x215d4b]
V  [jvm.dll+0x7af60b]
V  [jvm.dll+0x7a9c1a]
V  [jvm.dll+0x644c85]
C  [ucrtbase.dll+0x21bb2]
C  [KERNEL32.DLL+0x17034]
C  [ntdll.dll+0x52651]


---------------  P R O C E S S  ---------------

Threads class SMR info:
_java_thread_list=0x000001e63ff5a160, length=17, elements={
0x000001e6182c8a70, 0x000001e63c92c1b0, 0x000001e63c92cb60, 0x000001e63c946f40,
0x000001e63c9478f0, 0x000001e63c9482a0, 0x000001e63c94ac60, 0x000001e63c94c0e0,
0x000001e63c94d270, 0x000001e63c94e400, 0x000001e63c9189f0, 0x000001e63d50cc40,
0x000001e63d62c8a0, 0x000001e63d62cd70, 0x000001e63ea70e40, 0x000001e63ef5b5a0,
0x000001e63f8f20d0
}

Java Threads: ( => current thread )
  0x000001e6182c8a70 JavaThread "main" [_thread_blocked, id=25388, stack(0x0000000572200000,0x0000000572300000)]
  0x000001e63c92c1b0 JavaThread "Reference Handler" daemon [_thread_blocked, id=22332, stack(0x0000000572900000,0x0000000572a00000)]
  0x000001e63c92cb60 JavaThread "Finalizer" daemon [_thread_blocked, id=12128, stack(0x0000000572a00000,0x0000000572b00000)]
  0x000001e63c946f40 JavaThread "Signal Dispatcher" daemon [_thread_blocked, id=26512, stack(0x0000000572b00000,0x0000000572c00000)]
  0x000001e63c9478f0 JavaThread "Attach Listener" daemon [_thread_blocked, id=16932, stack(0x0000000572c00000,0x0000000572d00000)]
  0x000001e63c9482a0 JavaThread "Service Thread" daemon [_thread_blocked, id=8436, stack(0x0000000572d00000,0x0000000572e00000)]
  0x000001e63c94ac60 JavaThread "Monitor Deflation Thread" daemon [_thread_blocked, id=13076, stack(0x0000000572e00000,0x0000000572f00000)]
  0x000001e63c94c0e0 JavaThread "C2 CompilerThread0" daemon [_thread_blocked, id=23356, stack(0x0000000572f00000,0x0000000573000000)]
  0x000001e63c94d270 JavaThread "C1 CompilerThread0" daemon [_thread_blocked, id=8448, stack(0x0000000573000000,0x0000000573100000)]
  0x000001e63c94e400 JavaThread "Sweeper thread" daemon [_thread_blocked, id=9260, stack(0x0000000573100000,0x0000000573200000)]
  0x000001e63c9189f0 JavaThread "Common-Cleaner" daemon [_thread_blocked, id=19452, stack(0x0000000573200000,0x0000000573300000)]
=>0x000001e63d50cc40 JavaThread "C2 CompilerThread1" daemon [_thread_in_native, id=15256, stack(0x0000000573300000,0x0000000573400000)]
  0x000001e63d62c8a0 JavaThread "Monitor Ctrl-Break" daemon [_thread_in_native, id=3408, stack(0x0000000573400000,0x0000000573500000)]
  0x000001e63d62cd70 JavaThread "Notification Thread" daemon [_thread_blocked, id=25228, stack(0x0000000573500000,0x0000000573600000)]
  0x000001e63ea70e40 JavaThread "C2 CompilerThread2" daemon [_thread_in_native, id=5596, stack(0x0000000573d00000,0x0000000573e00000)]
  0x000001e63ef5b5a0 JavaThread "ForkJoinPool.commonPool-worker-1" daemon [_thread_blocked, id=27540, stack(0x0000000573e00000,0x0000000573f00000)]
  0x000001e63f8f20d0 JavaThread "ForkJoinPool.commonPool-worker-2" daemon [_thread_blocked, id=15432, stack(0x0000000573f00000,0x0000000574000000)]

Other Threads:
  0x000001e63c926c70 VMThread "VM Thread" [stack: 0x0000000572800000,0x0000000572900000] [id=14240]
  0x000001e61834c150 WatcherThread [stack: 0x0000000573600000,0x0000000573700000] [id=1628]
  0x000001e618332110 GCTaskThread "GC Thread#0" [stack: 0x0000000572300000,0x0000000572400000] [id=2800]
  0x000001e63e4b7960 GCTaskThread "GC Thread#1" [stack: 0x0000000573700000,0x0000000573800000] [id=22416]
  0x000001e63e4b7c10 GCTaskThread "GC Thread#2" [stack: 0x0000000573800000,0x0000000573900000] [id=13420]
  0x000001e63e2a01f0 GCTaskThread "GC Thread#3" [stack: 0x0000000573900000,0x0000000573a00000] [id=9468]
  0x000001e63e3748f0 GCTaskThread "GC Thread#4" [stack: 0x0000000573a00000,0x0000000573b00000] [id=12516]
  0x000001e63dde3700 GCTaskThread "GC Thread#5" [stack: 0x0000000573b00000,0x0000000573c00000] [id=10104]
  0x000001e63de69260 GCTaskThread "GC Thread#6" [stack: 0x0000000573c00000,0x0000000573d00000] [id=5904]
  0x000001e63fb59e60 GCTaskThread "GC Thread#7" [stack: 0x0000000574000000,0x0000000574100000] [id=16464]
  0x000001e6183426e0 ConcurrentGCThread "G1 Main Marker" [stack: 0x0000000572400000,0x0000000572500000] [id=25260]
  0x000001e6183430f0 ConcurrentGCThread "G1 Conc#0" [stack: 0x0000000572500000,0x0000000572600000] [id=25276]
  0x000001e63c7f30e0 ConcurrentGCThread "G1 Refine#0" [stack: 0x0000000572600000,0x0000000572700000] [id=6244]
  0x000001e63c7f38a0 ConcurrentGCThread "G1 Service" [stack: 0x0000000572700000,0x0000000572800000] [id=9924]

Threads with active compile tasks:
C2 CompilerThread0     2125 3258       4       groovy.lang.MetaClassImpl::addMetaMethodToIndex (65 bytes)
C2 CompilerThread1     2125 3223       4       java.net.URLStreamHandler::parseURL (1201 bytes)
C2 CompilerThread2     2125 3224   !   4       com.sun.beans.TypeResolver::resolve (261 bytes)

VM state: at safepoint (normal execution)

VM Mutex/Monitor currently owned by a thread:  ([mutex/lock_event])
[0x000001e6182c4670] Threads_lock - owner thread: 0x000001e63c926c70
[0x000001e6182c55a0] Heap_lock - owner thread: 0x000001e6182c8a70

Heap address: 0x0000000709600000, size: 3946 MB, Compressed Oops mode: Zero based, Oop shift amount: 3

CDS archive(s) mapped at: [0x0000000800000000-0x0000000800bd0000-0x0000000800bd0000), size 12386304, SharedBaseAddress: 0x0000000800000000, ArchiveRelocationMode: 0.
Compressed class space mapped at: 0x0000000800c00000-0x0000000840c00000, reserved size: 1073741824
Narrow klass base: 0x0000000800000000, Narrow klass shift: 0, Narrow klass range: 0x100000000

GC Precious Log:
 CPUs: 8 total, 8 available
 Memory: 15777M
 Large Page Support: Disabled
 NUMA Support: Disabled
 Compressed Oops: Enabled (Zero based)
 Heap Region Size: 2M
 Heap Min Capacity: 8M
 Heap Initial Capacity: 248M
 Heap Max Capacity: 3946M
 Pre-touch: Disabled
 Parallel Workers: 8
 Concurrent Workers: 2
 Concurrent Refinement Workers: 8
 Periodic GC: Disabled

Heap:
 garbage-first heap   total 253952K, used 79975K [0x0000000709600000, 0x0000000800000000)
  region size 2048K, 39 young (79872K), 5 survivors (10240K)
 Metaspace       used 21039K, committed 21504K, reserved 1073152K
  class space    used 2478K, committed 2688K, reserved 1048576K

Heap Regions: E=young(eden), S=young(survivor), O=old, HS=humongous(starts), HC=humongous(continues), CS=collection set, F=free, OA=open archive, CA=closed archive, TAMS=top-at-mark-start (previous, next)
|   0|0x0000000709600000, 0x0000000709800000, 0x0000000709800000|100%| O|  |TAMS 0x0000000709600000, 0x0000000709800000| Untracked 
|   1|0x0000000709800000, 0x0000000709a00000, 0x0000000709a00000|100%| O|  |TAMS 0x0000000709800000, 0x0000000709a00000| Untracked 
|   2|0x0000000709a00000, 0x0000000709a4e800, 0x0000000709c00000| 15%| O|  |TAMS 0x0000000709a00000, 0x0000000709a4e800| Untracked 
|   3|0x0000000709c00000, 0x0000000709c00000, 0x0000000709e00000|  0%| F|  |TAMS 0x0000000709c00000, 0x0000000709c00000| Untracked 
|   4|0x0000000709e00000, 0x0000000709e00000, 0x000000070a000000|  0%| F|  |TAMS 0x0000000709e00000, 0x0000000709e00000| Untracked 
|   5|0x000000070a000000, 0x000000070a000000, 0x000000070a200000|  0%| F|  |TAMS 0x000000070a000000, 0x000000070a000000| Untracked 
|   6|0x000000070a200000, 0x000000070a200000, 0x000000070a400000|  0%| F|  |TAMS 0x000000070a200000, 0x000000070a200000| Untracked 
|   7|0x000000070a400000, 0x000000070a400000, 0x000000070a600000|  0%| F|  |TAMS 0x000000070a400000, 0x000000070a400000| Untracked 
|   8|0x000000070a600000, 0x000000070a600000, 0x000000070a800000|  0%| F|  |TAMS 0x000000070a600000, 0x000000070a600000| Untracked 
|   9|0x000000070a800000, 0x000000070a800000, 0x000000070aa00000|  0%| F|  |TAMS 0x000000070a800000, 0x000000070a800000| Untracked 
|  10|0x000000070aa00000, 0x000000070aa00000, 0x000000070ac00000|  0%| F|  |TAMS 0x000000070aa00000, 0x000000070aa00000| Untracked 
|  11|0x000000070ac00000, 0x000000070ac00000, 0x000000070ae00000|  0%| F|  |TAMS 0x000000070ac00000, 0x000000070ac00000| Untracked 
|  12|0x000000070ae00000, 0x000000070ae00000, 0x000000070b000000|  0%| F|  |TAMS 0x000000070ae00000, 0x000000070ae00000| Untracked 
|  13|0x000000070b000000, 0x000000070b000000, 0x000000070b200000|  0%| F|  |TAMS 0x000000070b000000, 0x000000070b000000| Untracked 
|  14|0x000000070b200000, 0x000000070b200000, 0x000000070b400000|  0%| F|  |TAMS 0x000000070b200000, 0x000000070b200000| Untracked 
|  15|0x000000070b400000, 0x000000070b400000, 0x000000070b600000|  0%| F|  |TAMS 0x000000070b400000, 0x000000070b400000| Untracked 
|  16|0x000000070b600000, 0x000000070b600000, 0x000000070b800000|  0%| F|  |TAMS 0x000000070b600000, 0x000000070b600000| Untracked 
|  17|0x000000070b800000, 0x000000070b800000, 0x000000070ba00000|  0%| F|  |TAMS 0x000000070b800000, 0x000000070b800000| Untracked 
|  18|0x000000070ba00000, 0x000000070ba00000, 0x000000070bc00000|  0%| F|  |TAMS 0x000000070ba00000, 0x000000070ba00000| Untracked 
|  19|0x000000070bc00000, 0x000000070bc00000, 0x000000070be00000|  0%| F|  |TAMS 0x000000070bc00000, 0x000000070bc00000| Untracked 
|  20|0x000000070be00000, 0x000000070be00000, 0x000000070c000000|  0%| F|  |TAMS 0x000000070be00000, 0x000000070be00000| Untracked 
|  21|0x000000070c000000, 0x000000070c000000, 0x000000070c200000|  0%| F|  |TAMS 0x000000070c000000, 0x000000070c000000| Untracked 
|  22|0x000000070c200000, 0x000000070c200000, 0x000000070c400000|  0%| F|  |TAMS 0x000000070c200000, 0x000000070c200000| Untracked 
|  23|0x000000070c400000, 0x000000070c400000, 0x000000070c600000|  0%| F|  |TAMS 0x000000070c400000, 0x000000070c400000| Untracked 
|  24|0x000000070c600000, 0x000000070c600000, 0x000000070c800000|  0%| F|  |TAMS 0x000000070c600000, 0x000000070c600000| Untracked 
|  25|0x000000070c800000, 0x000000070c800000, 0x000000070ca00000|  0%| F|  |TAMS 0x000000070c800000, 0x000000070c800000| Untracked 
|  26|0x000000070ca00000, 0x000000070ca00000, 0x000000070cc00000|  0%| F|  |TAMS 0x000000070ca00000, 0x000000070ca00000| Untracked 
|  27|0x000000070cc00000, 0x000000070cc00000, 0x000000070ce00000|  0%| F|  |TAMS 0x000000070cc00000, 0x000000070cc00000| Untracked 
|  28|0x000000070ce00000, 0x000000070ce00000, 0x000000070d000000|  0%| F|  |TAMS 0x000000070ce00000, 0x000000070ce00000| Untracked 
|  29|0x000000070d000000, 0x000000070d000000, 0x000000070d200000|  0%| F|  |TAMS 0x000000070d000000, 0x000000070d000000| Untracked 
|  30|0x000000070d200000, 0x000000070d200000, 0x000000070d400000|  0%| F|  |TAMS 0x000000070d200000, 0x000000070d200000| Untracked 
|  31|0x000000070d400000, 0x000000070d400000, 0x000000070d600000|  0%| F|  |TAMS 0x000000070d400000, 0x000000070d400000| Untracked 
|  32|0x000000070d600000, 0x000000070d600000, 0x000000070d800000|  0%| F|  |TAMS 0x000000070d600000, 0x000000070d600000| Untracked 
|  33|0x000000070d800000, 0x000000070d800000, 0x000000070da00000|  0%| F|  |TAMS 0x000000070d800000, 0x000000070d800000| Untracked 
|  34|0x000000070da00000, 0x000000070da00000, 0x000000070dc00000|  0%| F|  |TAMS 0x000000070da00000, 0x000000070da00000| Untracked 
|  35|0x000000070dc00000, 0x000000070dc00000, 0x000000070de00000|  0%| F|  |TAMS 0x000000070dc00000, 0x000000070dc00000| Untracked 
|  36|0x000000070de00000, 0x000000070de00000, 0x000000070e000000|  0%| F|  |TAMS 0x000000070de00000, 0x000000070de00000| Untracked 
|  37|0x000000070e000000, 0x000000070e000000, 0x000000070e200000|  0%| F|  |TAMS 0x000000070e000000, 0x000000070e000000| Untracked 
|  38|0x000000070e200000, 0x000000070e200000, 0x000000070e400000|  0%| F|  |TAMS 0x000000070e200000, 0x000000070e200000| Untracked 
|  39|0x000000070e400000, 0x000000070e400000, 0x000000070e600000|  0%| F|  |TAMS 0x000000070e400000, 0x000000070e400000| Untracked 
|  40|0x000000070e600000, 0x000000070e600000, 0x000000070e800000|  0%| F|  |TAMS 0x000000070e600000, 0x000000070e600000| Untracked 
|  41|0x000000070e800000, 0x000000070e800000, 0x000000070ea00000|  0%| F|  |TAMS 0x000000070e800000, 0x000000070e800000| Untracked 
|  42|0x000000070ea00000, 0x000000070ea00000, 0x000000070ec00000|  0%| F|  |TAMS 0x000000070ea00000, 0x000000070ea00000| Untracked 
|  43|0x000000070ec00000, 0x000000070ec00000, 0x000000070ee00000|  0%| F|  |TAMS 0x000000070ec00000, 0x000000070ec00000| Untracked 
|  44|0x000000070ee00000, 0x000000070ee00000, 0x000000070f000000|  0%| F|  |TAMS 0x000000070ee00000, 0x000000070ee00000| Untracked 
|  45|0x000000070f000000, 0x000000070f000000, 0x000000070f200000|  0%| F|  |TAMS 0x000000070f000000, 0x000000070f000000| Untracked 
|  46|0x000000070f200000, 0x000000070f200000, 0x000000070f400000|  0%| F|  |TAMS 0x000000070f200000, 0x000000070f200000| Untracked 
|  47|0x000000070f400000, 0x000000070f400000, 0x000000070f600000|  0%| F|  |TAMS 0x000000070f400000, 0x000000070f400000| Untracked 
|  48|0x000000070f600000, 0x000000070f600000, 0x000000070f800000|  0%| F|  |TAMS 0x000000070f600000, 0x000000070f600000| Untracked 
|  49|0x000000070f800000, 0x000000070f800000, 0x000000070fa00000|  0%| F|  |TAMS 0x000000070f800000, 0x000000070f800000| Untracked 
|  50|0x000000070fa00000, 0x000000070fa00000, 0x000000070fc00000|  0%| F|  |TAMS 0x000000070fa00000, 0x000000070fa00000| Untracked 
|  51|0x000000070fc00000, 0x000000070fc00000, 0x000000070fe00000|  0%| F|  |TAMS 0x000000070fc00000, 0x000000070fc00000| Untracked 
|  52|0x000000070fe00000, 0x000000070fe00000, 0x0000000710000000|  0%| F|  |TAMS 0x000000070fe00000, 0x000000070fe00000| Untracked 
|  53|0x0000000710000000, 0x0000000710000000, 0x0000000710200000|  0%| F|  |TAMS 0x0000000710000000, 0x0000000710000000| Untracked 
|  54|0x0000000710200000, 0x0000000710200000, 0x0000000710400000|  0%| F|  |TAMS 0x0000000710200000, 0x0000000710200000| Untracked 
|  55|0x0000000710400000, 0x0000000710400000, 0x0000000710600000|  0%| F|  |TAMS 0x0000000710400000, 0x0000000710400000| Untracked 
|  56|0x0000000710600000, 0x0000000710600000, 0x0000000710800000|  0%| F|  |TAMS 0x0000000710600000, 0x0000000710600000| Untracked 
|  57|0x0000000710800000, 0x0000000710800000, 0x0000000710a00000|  0%| F|  |TAMS 0x0000000710800000, 0x0000000710800000| Untracked 
|  58|0x0000000710a00000, 0x0000000710a00000, 0x0000000710c00000|  0%| F|  |TAMS 0x0000000710a00000, 0x0000000710a00000| Untracked 
|  59|0x0000000710c00000, 0x0000000710c00000, 0x0000000710e00000|  0%| F|  |TAMS 0x0000000710c00000, 0x0000000710c00000| Untracked 
|  60|0x0000000710e00000, 0x0000000710e00000, 0x0000000711000000|  0%| F|  |TAMS 0x0000000710e00000, 0x0000000710e00000| Untracked 
|  61|0x0000000711000000, 0x0000000711000000, 0x0000000711200000|  0%| F|  |TAMS 0x0000000711000000, 0x0000000711000000| Untracked 
|  62|0x0000000711200000, 0x0000000711200000, 0x0000000711400000|  0%| F|  |TAMS 0x0000000711200000, 0x0000000711200000| Untracked 
|  63|0x0000000711400000, 0x0000000711400000, 0x0000000711600000|  0%| F|  |TAMS 0x0000000711400000, 0x0000000711400000| Untracked 
|  64|0x0000000711600000, 0x0000000711600000, 0x0000000711800000|  0%| F|  |TAMS 0x0000000711600000, 0x0000000711600000| Untracked 
|  65|0x0000000711800000, 0x0000000711800000, 0x0000000711a00000|  0%| F|  |TAMS 0x0000000711800000, 0x0000000711800000| Untracked 
|  66|0x0000000711a00000, 0x0000000711a00000, 0x0000000711c00000|  0%| F|  |TAMS 0x0000000711a00000, 0x0000000711a00000| Untracked 
|  67|0x0000000711c00000, 0x0000000711c00000, 0x0000000711e00000|  0%| F|  |TAMS 0x0000000711c00000, 0x0000000711c00000| Untracked 
|  68|0x0000000711e00000, 0x0000000711e00000, 0x0000000712000000|  0%| F|  |TAMS 0x0000000711e00000, 0x0000000711e00000| Untracked 
|  69|0x0000000712000000, 0x0000000712000000, 0x0000000712200000|  0%| F|  |TAMS 0x0000000712000000, 0x0000000712000000| Untracked 
|  70|0x0000000712200000, 0x0000000712200000, 0x0000000712400000|  0%| F|  |TAMS 0x0000000712200000, 0x0000000712200000| Untracked 
|  71|0x0000000712400000, 0x0000000712400000, 0x0000000712600000|  0%| F|  |TAMS 0x0000000712400000, 0x0000000712400000| Untracked 
|  72|0x0000000712600000, 0x0000000712600000, 0x0000000712800000|  0%| F|  |TAMS 0x0000000712600000, 0x0000000712600000| Untracked 
|  73|0x0000000712800000, 0x0000000712800000, 0x0000000712a00000|  0%| F|  |TAMS 0x0000000712800000, 0x0000000712800000| Untracked 
|  74|0x0000000712a00000, 0x0000000712a00000, 0x0000000712c00000|  0%| F|  |TAMS 0x0000000712a00000, 0x0000000712a00000| Untracked 
|  75|0x0000000712c00000, 0x0000000712c00000, 0x0000000712e00000|  0%| F|  |TAMS 0x0000000712c00000, 0x0000000712c00000| Untracked 
|  76|0x0000000712e00000, 0x0000000712e00000, 0x0000000713000000|  0%| F|  |TAMS 0x0000000712e00000, 0x0000000712e00000| Untracked 
|  77|0x0000000713000000, 0x0000000713000000, 0x0000000713200000|  0%| F|  |TAMS 0x0000000713000000, 0x0000000713000000| Untracked 
|  78|0x0000000713200000, 0x0000000713200000, 0x0000000713400000|  0%| F|  |TAMS 0x0000000713200000, 0x0000000713200000| Untracked 
|  79|0x0000000713400000, 0x0000000713400000, 0x0000000713600000|  0%| F|  |TAMS 0x0000000713400000, 0x0000000713400000| Untracked 
|  80|0x0000000713600000, 0x0000000713600000, 0x0000000713800000|  0%| F|  |TAMS 0x0000000713600000, 0x0000000713600000| Untracked 
|  81|0x0000000713800000, 0x0000000713a00000, 0x0000000713a00000|100%| S|  |TAMS 0x0000000713800000, 0x0000000713800000| Complete 
|  82|0x0000000713a00000, 0x0000000713c00000, 0x0000000713c00000|100%| S|  |TAMS 0x0000000713a00000, 0x0000000713a00000| Complete 
|  83|0x0000000713c00000, 0x0000000713e00000, 0x0000000713e00000|100%| S|  |TAMS 0x0000000713c00000, 0x0000000713c00000| Complete 
|  84|0x0000000713e00000, 0x0000000714000000, 0x0000000714000000|100%| S|  |TAMS 0x0000000713e00000, 0x0000000713e00000| Complete 
|  85|0x0000000714000000, 0x0000000714200000, 0x0000000714200000|100%| S|  |TAMS 0x0000000714000000, 0x0000000714000000| Complete 
|  86|0x0000000714200000, 0x0000000714400000, 0x0000000714400000|100%| S|  |TAMS 0x0000000714200000, 0x0000000714200000| Complete 
|  87|0x0000000714400000, 0x0000000714600000, 0x0000000714600000|100%| E|CS|TAMS 0x0000000714400000, 0x0000000714600000| Complete 
|  88|0x0000000714600000, 0x0000000714800000, 0x0000000714800000|100%| E|CS|TAMS 0x0000000714600000, 0x0000000714800000| Complete 
|  89|0x0000000714800000, 0x0000000714a00000, 0x0000000714a00000|100%| E|CS|TAMS 0x0000000714800000, 0x0000000714a00000| Complete 
|  90|0x0000000714a00000, 0x0000000714c00000, 0x0000000714c00000|100%| E|CS|TAMS 0x0000000714a00000, 0x0000000714c00000| Complete 
|  91|0x0000000714c00000, 0x0000000714e00000, 0x0000000714e00000|100%| E|CS|TAMS 0x0000000714c00000, 0x0000000714e00000| Complete 
|  92|0x0000000714e00000, 0x0000000715000000, 0x0000000715000000|100%| E|CS|TAMS 0x0000000714e00000, 0x0000000715000000| Complete 
|  93|0x0000000715000000, 0x0000000715200000, 0x0000000715200000|100%| E|CS|TAMS 0x0000000715000000, 0x0000000715200000| Complete 
|  94|0x0000000715200000, 0x0000000715400000, 0x0000000715400000|100%| E|CS|TAMS 0x0000000715200000, 0x0000000715400000| Complete 
|  95|0x0000000715400000, 0x0000000715600000, 0x0000000715600000|100%| E|CS|TAMS 0x0000000715400000, 0x0000000715600000| Complete 
|  96|0x0000000715600000, 0x0000000715800000, 0x0000000715800000|100%| E|CS|TAMS 0x0000000715600000, 0x0000000715800000| Complete 
|  97|0x0000000715800000, 0x0000000715a00000, 0x0000000715a00000|100%| E|CS|TAMS 0x0000000715800000, 0x0000000715a00000| Complete 
|  98|0x0000000715a00000, 0x0000000715c00000, 0x0000000715c00000|100%| E|CS|TAMS 0x0000000715a00000, 0x0000000715c00000| Complete 
|  99|0x0000000715c00000, 0x0000000715e00000, 0x0000000715e00000|100%| E|CS|TAMS 0x0000000715c00000, 0x0000000715e00000| Complete 
| 100|0x0000000715e00000, 0x0000000716000000, 0x0000000716000000|100%| E|CS|TAMS 0x0000000715e00000, 0x0000000716000000| Complete 
| 101|0x0000000716000000, 0x0000000716200000, 0x0000000716200000|100%| E|CS|TAMS 0x0000000716000000, 0x0000000716200000| Complete 
| 102|0x0000000716200000, 0x0000000716400000, 0x0000000716400000|100%| E|CS|TAMS 0x0000000716200000, 0x0000000716400000| Complete 
| 103|0x0000000716400000, 0x0000000716600000, 0x0000000716600000|100%| E|CS|TAMS 0x0000000716400000, 0x0000000716600000| Complete 
| 104|0x0000000716600000, 0x00000007167cb4b0, 0x0000000716800000| 89%| E|CS|TAMS 0x0000000716600000, 0x00000007167cb4b0| Complete 
| 105|0x0000000716800000, 0x0000000716a00000, 0x0000000716a00000|100%| E|CS|TAMS 0x0000000716800000, 0x0000000716a00000| Complete 
| 106|0x0000000716a00000, 0x0000000716c00000, 0x0000000716c00000|100%| E|CS|TAMS 0x0000000716a00000, 0x0000000716c00000| Complete 
| 107|0x0000000716c00000, 0x0000000716e00000, 0x0000000716e00000|100%| E|CS|TAMS 0x0000000716c00000, 0x0000000716e00000| Complete 
| 108|0x0000000716e00000, 0x0000000717000000, 0x0000000717000000|100%| E|CS|TAMS 0x0000000716e00000, 0x0000000717000000| Complete 
| 109|0x0000000717000000, 0x0000000717200000, 0x0000000717200000|100%| E|CS|TAMS 0x0000000717000000, 0x0000000717200000| Complete 
| 110|0x0000000717200000, 0x0000000717400000, 0x0000000717400000|100%| E|CS|TAMS 0x0000000717200000, 0x0000000717400000| Complete 
| 111|0x0000000717400000, 0x0000000717600000, 0x0000000717600000|100%| E|CS|TAMS 0x0000000717400000, 0x0000000717600000| Complete 
| 112|0x0000000717600000, 0x0000000717800000, 0x0000000717800000|100%| E|CS|TAMS 0x0000000717600000, 0x0000000717800000| Complete 
| 113|0x0000000717800000, 0x0000000717a00000, 0x0000000717a00000|100%| E|CS|TAMS 0x0000000717800000, 0x0000000717a00000| Complete 
| 114|0x0000000717a00000, 0x0000000717c00000, 0x0000000717c00000|100%| E|CS|TAMS 0x0000000717a00000, 0x0000000717c00000| Complete 
| 115|0x0000000717c00000, 0x0000000717e00000, 0x0000000717e00000|100%| E|CS|TAMS 0x0000000717c00000, 0x0000000717e00000| Complete 
| 116|0x0000000717e00000, 0x0000000718000000, 0x0000000718000000|100%| E|CS|TAMS 0x0000000717e00000, 0x0000000718000000| Complete 
| 117|0x0000000718000000, 0x0000000718200000, 0x0000000718200000|100%| E|CS|TAMS 0x0000000718000000, 0x0000000718200000| Complete 
| 118|0x0000000718200000, 0x0000000718400000, 0x0000000718400000|100%| E|CS|TAMS 0x0000000718200000, 0x0000000718400000| Complete 
| 119|0x0000000718400000, 0x0000000718600000, 0x0000000718600000|100%| E|CS|TAMS 0x0000000718400000, 0x0000000718600000| Complete 
| 120|0x0000000718600000, 0x0000000718800000, 0x0000000718800000|100%| E|CS|TAMS 0x0000000718600000, 0x0000000718800000| Complete 
| 121|0x0000000718800000, 0x0000000718a00000, 0x0000000718a00000|100%| E|CS|TAMS 0x0000000718800000, 0x0000000718a00000| Complete 
| 122|0x0000000718a00000, 0x0000000718c00000, 0x0000000718c00000|100%| E|CS|TAMS 0x0000000718a00000, 0x0000000718c00000| Complete 
| 123|0x0000000718c00000, 0x0000000718e00000, 0x0000000718e00000|100%| E|CS|TAMS 0x0000000718c00000, 0x0000000718e00000| Complete 

Card table byte_map: [0x000001e631390000,0x000001e631b50000] _byte_map_base: 0x000001e62db45000

Marking Bits (Prev, Next): (CMBitMap*) 0x000001e618332720, (CMBitMap*) 0x000001e618332760
 Prev Bits: [0x000001e632310000, 0x000001e6360b8000)
 Next Bits: [0x000001e6360c0000, 0x000001e639e68000)

Polling page: 0x000001e616ac0000

Metaspace:

Usage:
  Non-class:     18.13 MB used.
      Class:      2.42 MB used.
       Both:     20.55 MB used.

Virtual space:
  Non-class space:       24.00 MB reserved,      18.38 MB ( 77%) committed,  3 nodes.
      Class space:        1.00 GB reserved,       2.63 MB ( <1%) committed,  1 nodes.
             Both:        1.02 GB reserved,      21.00 MB (  2%) committed. 

Chunk freelists:
   Non-Class:  1.56 MB
       Class:  1.32 MB
        Both:  2.88 MB

MaxMetaspaceSize: unlimited
CompressedClassSpaceSize: 1.00 GB
Initial GC threshold: 21.00 MB
Current GC threshold: 21.00 MB
CDS: on
MetaspaceReclaimPolicy: balanced
 - commit_granule_bytes: 65536.
 - commit_granule_words: 8192.
 - virtual_space_node_default_size: 1048576.
 - enlarge_chunks_in_place: 1.
 - new_chunks_are_fully_committed: 0.
 - uncommit_free_chunks: 1.
 - use_allocation_guard: 0.
 - handle_deallocations: 1.


Internal statistics:

num_allocs_failed_limit: 3.
num_arena_births: 346.
num_arena_deaths: 0.
num_vsnodes_births: 4.
num_vsnodes_deaths: 0.
num_space_committed: 337.
num_space_uncommitted: 0.
num_chunks_returned_to_freelist: 3.
num_chunks_taken_from_freelist: 985.
num_chunk_merges: 3.
num_chunk_splits: 574.
num_chunks_enlarged: 302.
num_purges: 0.
num_inconsistent_stats: 0.

CodeHeap 'non-profiled nmethods': size=120000Kb used=1564Kb max_used=1564Kb free=118435Kb
 bounds [0x000001e628c30000, 0x000001e628ea0000, 0x000001e630160000]
CodeHeap 'profiled nmethods': size=120000Kb used=6685Kb max_used=6685Kb free=113314Kb
 bounds [0x000001e621700000, 0x000001e621d90000, 0x000001e628c30000]
CodeHeap 'non-nmethods': size=5760Kb used=2285Kb max_used=2322Kb free=3474Kb
 bounds [0x000001e621160000, 0x000001e6213d0000, 0x000001e621700000]
 total_blobs=4056 nmethods=3283 adapters=685
 compilation: enabled
              stopped_count=0, restarted_count=0
 full_count=0

Compilation events (20 events):
Event: 2.087 Thread 0x000001e63c94d270 nmethod 3276 0x000001e621d5c310 code [0x000001e621d5c4e0, 0x000001e621d5c948]
Event: 2.087 Thread 0x000001e63c94d270 3277       3       org.codehaus.groovy.reflection.CachedMethod::deref (16 bytes)
Event: 2.087 Thread 0x000001e63c94d270 nmethod 3277 0x000001e621d5ca90 code [0x000001e621d5cc40, 0x000001e621d5cf68]
Event: 2.094 Thread 0x000001e63c94d270 3278 %     3       jdk.internal.loader.URLClassPath$JarLoader::validIndex @ 30 (94 bytes)
Event: 2.096 Thread 0x000001e63c94d270 nmethod 3278% 0x000001e621d5d090 code [0x000001e621d5d380, 0x000001e621d5e328]
Event: 2.096 Thread 0x000001e63c94d270 3279       3       java.beans.PropertyDescriptor::<init> (302 bytes)
Event: 2.099 Thread 0x000001e63c94d270 nmethod 3279 0x000001e621d5e890 code [0x000001e621d5ef80, 0x000001e621d63e58]
Event: 2.099 Thread 0x000001e63c94d270 3280       3       java.beans.Introspector::decapitalize (68 bytes)
Event: 2.100 Thread 0x000001e63c94d270 nmethod 3280 0x000001e621d65190 code [0x000001e621d65500, 0x000001e621d669e8]
Event: 2.100 Thread 0x000001e63c94d270 3281       3       java.beans.FeatureDescriptor::getReturnType (21 bytes)
Event: 2.100 Thread 0x000001e63c94d270 nmethod 3281 0x000001e621d67110 code [0x000001e621d67440, 0x000001e621d68a28]
Event: 2.101 Thread 0x000001e63c94d270 3282       3       org.codehaus.groovy.reflection.stdclasses.StringCachedClass::coerceArgument (16 bytes)
Event: 2.101 Thread 0x000001e63c94d270 nmethod 3282 0x000001e621d69190 code [0x000001e621d69340, 0x000001e621d69688]
Event: 2.101 Thread 0x000001e63c94d270 3283       3       java.util.regex.Pattern$CharPropertyGreedy::match (160 bytes)
Event: 2.102 Thread 0x000001e63c94d270 nmethod 3283 0x000001e621d69790 code [0x000001e621d699c0, 0x000001e621d6a388]
Event: 2.102 Thread 0x000001e63c94d270 3284       3       groovy.lang.MetaClassImpl::createMetaMethodAndMetaProperty (198 bytes)
Event: 2.104 Thread 0x000001e63c94d270 nmethod 3284 0x000001e621d6a690 code [0x000001e621d6ab00, 0x000001e621d6d258]
Event: 2.104 Thread 0x000001e63c94d270 3292   !   3       org.codehaus.groovy.runtime.callsite.PojoMetaMethodSite::checkCall (54 bytes)
Event: 2.104 Thread 0x000001e63c94d270 nmethod 3292 0x000001e621d6dd10 code [0x000001e621d6df40, 0x000001e621d6e7d8]
Event: 2.104 Thread 0x000001e63c94d270 3290   !   3       groovy.lang.MetaClassImpl::doInvokeMethod (869 bytes)

GC Heap History (4 events):
Event: 0.550 GC heap before
{Heap before GC invocations=0 (full 0):
 garbage-first heap   total 253952K, used 22528K [0x0000000709600000, 0x0000000800000000)
  region size 2048K, 11 young (22528K), 0 survivors (0K)
 Metaspace       used 6783K, committed 6976K, reserved 1056768K
  class space    used 644K, committed 768K, reserved 1048576K
}
Event: 0.553 GC heap after
{Heap after GC invocations=1 (full 0):
 garbage-first heap   total 253952K, used 4283K [0x0000000709600000, 0x0000000800000000)
  region size 2048K, 2 young (4096K), 2 survivors (4096K)
 Metaspace       used 6783K, committed 6976K, reserved 1056768K
  class space    used 644K, committed 768K, reserved 1048576K
}
Event: 1.026 GC heap before
{Heap before GC invocations=1 (full 0):
 garbage-first heap   total 253952K, used 32955K [0x0000000709600000, 0x0000000800000000)
  region size 2048K, 17 young (34816K), 2 survivors (4096K)
 Metaspace       used 11457K, committed 11776K, reserved 1064960K
  class space    used 1239K, committed 1408K, reserved 1048576K
}
Event: 1.033 GC heap after
{Heap after GC invocations=2 (full 0):
 garbage-first heap   total 253952K, used 10343K [0x0000000709600000, 0x0000000800000000)
  region size 2048K, 3 young (6144K), 3 survivors (6144K)
 Metaspace       used 11457K, committed 11776K, reserved 1064960K
  class space    used 1239K, committed 1408K, reserved 1048576K
}

Deoptimization events (20 events):
Event: 1.742 Thread 0x000001e6182c8a70 DEOPT PACKING pc=0x000001e628d8c698 sp=0x00000005722f8820
Event: 1.742 Thread 0x000001e6182c8a70 DEOPT UNPACKING pc=0x000001e6211b5c23 sp=0x00000005722f8840 mode 2
Event: 1.742 Thread 0x000001e6182c8a70 Uncommon trap: trap_request=0xffffff45 fr.pc=0x000001e628d93f18 relative=0x0000000000000098
Event: 1.742 Thread 0x000001e6182c8a70 Uncommon trap: reason=unstable_if action=reinterpret pc=0x000001e628d93f18 method=java.lang.Integer.stringSize(I)I @ 3 c2
Event: 1.742 Thread 0x000001e6182c8a70 DEOPT PACKING pc=0x000001e628d93f18 sp=0x00000005722f8c80
Event: 1.742 Thread 0x000001e6182c8a70 DEOPT UNPACKING pc=0x000001e6211b5c23 sp=0x00000005722f8c08 mode 2
Event: 1.742 Thread 0x000001e6182c8a70 Uncommon trap: trap_request=0xffffff45 fr.pc=0x000001e628d94a54 relative=0x00000000000002b4
Event: 1.742 Thread 0x000001e6182c8a70 Uncommon trap: reason=unstable_if action=reinterpret pc=0x000001e628d94a54 method=java.lang.Integer.getChars(II[B)I @ 4 c2
Event: 1.742 Thread 0x000001e6182c8a70 DEOPT PACKING pc=0x000001e628d94a54 sp=0x00000005722f8c60
Event: 1.742 Thread 0x000001e6182c8a70 DEOPT UNPACKING pc=0x000001e6211b5c23 sp=0x00000005722f8bf0 mode 2
Event: 1.992 Thread 0x000001e6182c8a70 Uncommon trap: trap_request=0xffffff45 fr.pc=0x000001e628d66318 relative=0x0000000000000638
Event: 1.992 Thread 0x000001e6182c8a70 Uncommon trap: reason=unstable_if action=reinterpret pc=0x000001e628d66318 method=java.lang.StringLatin1.regionMatchesCI([BI[BII)Z @ 72 c2
Event: 1.992 Thread 0x000001e6182c8a70 DEOPT PACKING pc=0x000001e628d66318 sp=0x00000005722f9e20
Event: 1.992 Thread 0x000001e6182c8a70 DEOPT UNPACKING pc=0x000001e6211b5c23 sp=0x00000005722f9ce8 mode 2
Event: 1.995 Thread 0x000001e6182c8a70 Uncommon trap: trap_request=0xffffff45 fr.pc=0x000001e628d83df0 relative=0x0000000000000a90
Event: 1.995 Thread 0x000001e6182c8a70 Uncommon trap: reason=unstable_if action=reinterpret pc=0x000001e628d83df0 method=jdk.internal.org.objectweb.asm.SymbolTable.put(Ljdk/internal/org/objectweb/asm/SymbolTable$Entry;)Ljdk/internal/org/objectweb/asm/SymbolTable$Entry; @ 13 c2
Event: 1.995 Thread 0x000001e6182c8a70 DEOPT PACKING pc=0x000001e628d83df0 sp=0x00000005722f8d60
Event: 1.995 Thread 0x000001e6182c8a70 DEOPT UNPACKING pc=0x000001e6211b5c23 sp=0x00000005722f8c98 mode 2
Event: 2.049 Thread 0x000001e6182c8a70 DEOPT PACKING pc=0x000001e621ceb256 sp=0x00000005722fd290
Event: 2.049 Thread 0x000001e6182c8a70 DEOPT UNPACKING pc=0x000001e6211b6763 sp=0x00000005722fc718 mode 0

Classes unloaded (0 events):
No events

Classes redefined (0 events):
No events

Internal exceptions (20 events):
Event: 2.081 Thread 0x000001e6182c8a70 Exception <a 'java/lang/ClassNotFoundException'{0x0000000714dcf3a8}: java/io/StringReaderBeanInfo> (0x0000000714dcf3a8) 
thrown [j:\src\hotspot\share\classfile\systemDictionary.cpp, line 256]
Event: 2.081 Thread 0x000001e6182c8a70 Exception <a 'java/lang/ClassNotFoundException'{0x0000000714dd00a8}: java/io/ReaderBeanInfo> (0x0000000714dd00a8) 
thrown [j:\src\hotspot\share\classfile\systemDictionary.cpp, line 256]
Event: 2.081 Thread 0x000001e6182c8a70 Exception <a 'java/lang/ClassNotFoundException'{0x0000000714dd0d70}: java/io/ReaderCustomizer> (0x0000000714dd0d70) 
thrown [j:\src\hotspot\share\classfile\systemDictionary.cpp, line 256]
Event: 2.081 Thread 0x000001e6182c8a70 Exception <a 'java/lang/ClassNotFoundException'{0x0000000714dd7970}: java/io/StringReaderCustomizer> (0x0000000714dd7970) 
thrown [j:\src\hotspot\share\classfile\systemDictionary.cpp, line 256]
Event: 2.082 Thread 0x000001e6182c8a70 Exception <a 'java/lang/ClassNotFoundException'{0x0000000714df9cf8}: groovy/io/LineColumnReaderBeanInfo> (0x0000000714df9cf8) 
thrown [j:\src\hotspot\share\classfile\systemDictionary.cpp, line 256]
Event: 2.082 Thread 0x000001e6182c8a70 Exception <a 'java/lang/ClassNotFoundException'{0x0000000714dfaa18}: java/io/BufferedReaderBeanInfo> (0x0000000714dfaa18) 
thrown [j:\src\hotspot\share\classfile\systemDictionary.cpp, line 256]
Event: 2.082 Thread 0x000001e6182c8a70 Exception <a 'java/lang/ClassNotFoundException'{0x0000000714dfb708}: java/io/BufferedReaderCustomizer> (0x0000000714dfb708) 
thrown [j:\src\hotspot\share\classfile\systemDictionary.cpp, line 256]
Event: 2.083 Thread 0x000001e6182c8a70 Exception <a 'java/lang/ClassNotFoundException'{0x0000000714a11b98}: groovy/io/LineColumnReaderCustomizer> (0x0000000714a11b98) 
thrown [j:\src\hotspot\share\classfile\systemDictionary.cpp, line 256]
Event: 2.085 Thread 0x000001e6182c8a70 Exception <a 'java/lang/ClassNotFoundException'{0x0000000714a3c050}: groovy/json/JsonLexerBeanInfo> (0x0000000714a3c050) 
thrown [j:\src\hotspot\share\classfile\systemDictionary.cpp, line 256]
Event: 2.085 Thread 0x000001e6182c8a70 Exception <a 'java/lang/ClassNotFoundException'{0x0000000714a40cf8}: groovy/json/JsonLexerCustomizer> (0x0000000714a40cf8) 
thrown [j:\src\hotspot\share\classfile\systemDictionary.cpp, line 256]
Event: 2.086 Thread 0x000001e6182c8a70 Exception <a 'java/lang/ClassNotFoundException'{0x0000000714a5ede8}: groovy/json/JsonTokenTypeBeanInfo> (0x0000000714a5ede8) 
thrown [j:\src\hotspot\share\classfile\systemDictionary.cpp, line 256]
Event: 2.087 Thread 0x000001e6182c8a70 Exception <a 'java/lang/ClassNotFoundException'{0x0000000714a63b40}: groovy/json/JsonTokenTypeCustomizer> (0x0000000714a63b40) 
thrown [j:\src\hotspot\share\classfile\systemDictionary.cpp, line 256]
Event: 2.090 Thread 0x000001e6182c8a70 Exception <a 'java/lang/ClassNotFoundException'{0x0000000714bd33c0}: org/codehaus/groovy/reflection/CachedMethodBeanInfo> (0x0000000714bd33c0) 
thrown [j:\src\hotspot\share\classfile\systemDictionary.cpp, line 256]
Event: 2.090 Thread 0x000001e6182c8a70 Exception <a 'java/lang/ClassNotFoundException'{0x0000000714be2850}: groovy/lang/MetaMethodBeanInfo> (0x0000000714be2850) 
thrown [j:\src\hotspot\share\classfile\systemDictionary.cpp, line 256]
Event: 2.093 Thread 0x000001e6182c8a70 Exception <a 'java/lang/ClassNotFoundException'{0x0000000714937e80}: org/codehaus/groovy/reflection/ParameterTypesBeanInfo> (0x0000000714937e80) 
thrown [j:\src\hotspot\share\classfile\systemDictionary.cpp, line 256]
Event: 2.095 Thread 0x000001e6182c8a70 Exception <a 'java/lang/ClassNotFoundException'{0x000000071468d240}: org/codehaus/groovy/reflection/ParameterTypesCustomizer> (0x000000071468d240) 
thrown [j:\src\hotspot\share\classfile\systemDictionary.cpp, line 256]
Event: 2.095 Thread 0x000001e6182c8a70 Exception <a 'java/lang/ClassNotFoundException'{0x00000007146a3170}: groovy/lang/MetaMethodCustomizer> (0x00000007146a3170) 
thrown [j:\src\hotspot\share\classfile\systemDictionary.cpp, line 256]
Event: 2.097 Thread 0x000001e6182c8a70 Exception <a 'java/lang/ClassNotFoundException'{0x00000007144063b0}: org/codehaus/groovy/reflection/CachedMethodCustomizer> (0x00000007144063b0) 
thrown [j:\src\hotspot\share\classfile\systemDictionary.cpp, line 256]
Event: 2.100 Thread 0x000001e6182c8a70 Exception <a 'java/lang/ClassNotFoundException'{0x00000007144331b8}: io/restassured/path/json/config/JsonPathConfig$NumberReturnTypeBeanInfo> (0x00000007144331b8) 
thrown [j:\src\hotspot\share\classfile\systemDictionary.cpp, line 256]
Event: 2.100 Thread 0x000001e6182c8a70 Exception <a 'java/lang/ClassNotFoundException'{0x00000007144370e8}: io/restassured/path/json/config/JsonPathConfig$NumberReturnTypeCustomizer> (0x00000007144370e8) 
thrown [j:\src\hotspot\share\classfile\systemDictionary.cpp, line 256]

VM Operations (20 events):
Event: 1.197 Executing VM operation: HandshakeAllThreads
Event: 1.197 Executing VM operation: HandshakeAllThreads done
Event: 1.205 Executing VM operation: HandshakeAllThreads
Event: 1.205 Executing VM operation: HandshakeAllThreads done
Event: 1.208 Executing VM operation: ICBufferFull
Event: 1.208 Executing VM operation: ICBufferFull done
Event: 1.268 Executing VM operation: HandshakeAllThreads
Event: 1.268 Executing VM operation: HandshakeAllThreads done
Event: 1.291 Executing VM operation: HandshakeAllThreads
Event: 1.291 Executing VM operation: HandshakeAllThreads done
Event: 1.310 Executing VM operation: HandshakeAllThreads
Event: 1.310 Executing VM operation: HandshakeAllThreads done
Event: 1.328 Executing VM operation: HandshakeAllThreads
Event: 1.328 Executing VM operation: HandshakeAllThreads done
Event: 1.540 Executing VM operation: ICBufferFull
Event: 1.540 Executing VM operation: ICBufferFull done
Event: 2.059 Executing VM operation: HandshakeAllThreads
Event: 2.059 Executing VM operation: HandshakeAllThreads done
Event: 2.068 Executing VM operation: HandshakeAllThreads
Event: 2.068 Executing VM operation: HandshakeAllThreads done

Events (20 events):
Event: 2.081 loading class java/io/ReaderBeanInfo
Event: 2.081 loading class java/io/ReaderBeanInfo done
Event: 2.081 loading class java/io/ReaderBeanInfo
Event: 2.081 loading class java/io/ReaderBeanInfo done
Event: 2.081 loading class java/io/ReaderCustomizer
Event: 2.081 loading class java/io/ReaderCustomizer done
Event: 2.081 loading class java/io/ReaderCustomizer
Event: 2.081 loading class java/io/ReaderCustomizer done
Event: 2.081 loading class java/io/StringReaderCustomizer
Event: 2.081 loading class java/io/StringReaderCustomizer done
Event: 2.081 loading class java/io/StringReaderCustomizer
Event: 2.081 loading class java/io/StringReaderCustomizer done
Event: 2.082 loading class java/io/BufferedReaderBeanInfo
Event: 2.082 loading class java/io/BufferedReaderBeanInfo done
Event: 2.082 loading class java/io/BufferedReaderBeanInfo
Event: 2.082 loading class java/io/BufferedReaderBeanInfo done
Event: 2.082 loading class java/io/BufferedReaderCustomizer
Event: 2.082 loading class java/io/BufferedReaderCustomizer done
Event: 2.082 loading class java/io/BufferedReaderCustomizer
Event: 2.082 loading class java/io/BufferedReaderCustomizer done


Dynamic libraries:
0x00007ff655cf0000 - 0x00007ff655cfd000 	D:\Users\a.gordeeva\.jdks\liberica-17.0.3\bin\java.exe
0x00007ffe37170000 - 0x00007ffe37365000 	C:\WINDOWS\SYSTEM32\ntdll.dll
0x00007ffe36e70000 - 0x00007ffe36f2e000 	C:\WINDOWS\System32\KERNEL32.DLL
0x00007ffe34900000 - 0x00007ffe34bc8000 	C:\WINDOWS\System32\KERNELBASE.dll
0x00007ffe35090000 - 0x00007ffe35190000 	C:\WINDOWS\System32\ucrtbase.dll
0x00007ffe21af0000 - 0x00007ffe21b05000 	D:\Users\a.gordeeva\.jdks\liberica-17.0.3\bin\VCRUNTIME140.dll
0x00007ffe22850000 - 0x00007ffe22868000 	D:\Users\a.gordeeva\.jdks\liberica-17.0.3\bin\jli.dll
0x00007ffe36450000 - 0x00007ffe365f0000 	C:\WINDOWS\System32\USER32.dll
0x00007ffe21f10000 - 0x00007ffe221aa000 	C:\WINDOWS\WinSxS\amd64_microsoft.windows.common-controls_6595b64144ccf1df_6.0.19041.1110_none_60b5254171f9507e\COMCTL32.dll
0x00007ffe34d80000 - 0x00007ffe34da2000 	C:\WINDOWS\System32\win32u.dll
0x00007ffe36950000 - 0x00007ffe369ee000 	C:\WINDOWS\System32\msvcrt.dll
0x00007ffe351a0000 - 0x00007ffe351cb000 	C:\WINDOWS\System32\GDI32.dll
0x00007ffe34f10000 - 0x00007ffe3501d000 	C:\WINDOWS\System32\gdi32full.dll
0x00007ffe34bd0000 - 0x00007ffe34c6d000 	C:\WINDOWS\System32\msvcp_win.dll
0x00007ffe36fe0000 - 0x00007ffe37010000 	C:\WINDOWS\System32\IMM32.DLL
0x00007ffde1c70000 - 0x00007ffde1d0b000 	D:\Users\a.gordeeva\.jdks\liberica-17.0.3\bin\msvcp140.dll
0x00007ffdb25c0000 - 0x00007ffdb31d2000 	D:\Users\a.gordeeva\.jdks\liberica-17.0.3\bin\server\jvm.dll
0x00007ffe36f30000 - 0x00007ffe36fde000 	C:\WINDOWS\System32\ADVAPI32.dll
0x00007ffe368b0000 - 0x00007ffe3694c000 	C:\WINDOWS\System32\sechost.dll
0x00007ffe366d0000 - 0x00007ffe367f5000 	C:\WINDOWS\System32\RPCRT4.dll
0x00007ffe35190000 - 0x00007ffe35198000 	C:\WINDOWS\System32\PSAPI.DLL
0x00007ffe19260000 - 0x00007ffe19287000 	C:\WINDOWS\SYSTEM32\WINMM.dll
0x00007ffe1b8d0000 - 0x00007ffe1b8d9000 	C:\WINDOWS\SYSTEM32\WSOCK32.dll
0x00007ffe27c50000 - 0x00007ffe27c5a000 	C:\WINDOWS\SYSTEM32\VERSION.dll
0x00007ffe35d10000 - 0x00007ffe35d7b000 	C:\WINDOWS\System32\WS2_32.dll
0x00007ffe33160000 - 0x00007ffe33172000 	C:\WINDOWS\SYSTEM32\kernel.appcore.dll
0x00007ffe2d3c0000 - 0x00007ffe2d3ca000 	D:\Users\a.gordeeva\.jdks\liberica-17.0.3\bin\jimage.dll
0x00007ffe322d0000 - 0x00007ffe324b4000 	C:\WINDOWS\SYSTEM32\DBGHELP.DLL
0x00007ffe14a10000 - 0x00007ffe14a3c000 	C:\WINDOWS\SYSTEM32\dbgcore.DLL
0x00007ffe34cf0000 - 0x00007ffe34d72000 	C:\WINDOWS\System32\bcryptPrimitives.dll
0x00007ffe2a2d0000 - 0x00007ffe2a2de000 	D:\Users\a.gordeeva\.jdks\liberica-17.0.3\bin\instrument.dll
0x00007ffe049d0000 - 0x00007ffe049f5000 	D:\Users\a.gordeeva\.jdks\liberica-17.0.3\bin\java.dll
0x00007ffdde2b0000 - 0x00007ffdde386000 	D:\Users\a.gordeeva\.jdks\liberica-17.0.3\bin\jsvml.dll
0x00007ffe355c0000 - 0x00007ffe35d04000 	C:\WINDOWS\System32\SHELL32.dll
0x00007ffe32730000 - 0x00007ffe32ec4000 	C:\WINDOWS\SYSTEM32\windows.storage.dll
0x00007ffe36b10000 - 0x00007ffe36e65000 	C:\WINDOWS\System32\combase.dll
0x00007ffe341c0000 - 0x00007ffe341ee000 	C:\WINDOWS\SYSTEM32\Wldp.dll
0x00007ffe36800000 - 0x00007ffe368ad000 	C:\WINDOWS\System32\SHCORE.dll
0x00007ffe37010000 - 0x00007ffe37065000 	C:\WINDOWS\System32\shlwapi.dll
0x00007ffe34790000 - 0x00007ffe347af000 	C:\WINDOWS\SYSTEM32\profapi.dll
0x00007ffe21ad0000 - 0x00007ffe21ae8000 	D:\Users\a.gordeeva\.jdks\liberica-17.0.3\bin\zip.dll
0x00007ffe215e0000 - 0x00007ffe215f9000 	D:\Users\a.gordeeva\.jdks\liberica-17.0.3\bin\net.dll
0x00007ffe2c320000 - 0x00007ffe2c42c000 	C:\WINDOWS\SYSTEM32\WINHTTP.dll
0x00007ffe33fa0000 - 0x00007ffe3400a000 	C:\WINDOWS\system32\mswsock.dll
0x00007ffe215c0000 - 0x00007ffe215d5000 	D:\Users\a.gordeeva\.jdks\liberica-17.0.3\bin\nio.dll
0x00007ffe21570000 - 0x00007ffe2158a000 	D:\Programs\IntelliJ IDEA Community Edition 2022.1.1\bin\breakgen64.dll
0x00007ffe2a260000 - 0x00007ffe2a270000 	D:\Users\a.gordeeva\.jdks\liberica-17.0.3\bin\verify.dll
0x00007ffe252f0000 - 0x00007ffe252fe000 	D:\Users\a.gordeeva\.jdks\liberica-17.0.3\bin\sunmscapi.dll
0x00007ffe34db0000 - 0x00007ffe34f06000 	C:\WINDOWS\System32\CRYPT32.dll
0x00007ffe34310000 - 0x00007ffe34337000 	C:\WINDOWS\SYSTEM32\ncrypt.dll
0x00007ffe342d0000 - 0x00007ffe3430b000 	C:\WINDOWS\SYSTEM32\NTASN1.dll
0x00007ffe34200000 - 0x00007ffe34218000 	C:\WINDOWS\SYSTEM32\CRYPTSP.dll
0x00007ffe338d0000 - 0x00007ffe33904000 	C:\WINDOWS\system32\rsaenh.dll
0x00007ffe34c70000 - 0x00007ffe34c97000 	C:\WINDOWS\System32\bcrypt.dll
0x00007ffe34750000 - 0x00007ffe3477e000 	C:\WINDOWS\SYSTEM32\USERENV.dll
0x00007ffe34130000 - 0x00007ffe3413c000 	C:\WINDOWS\SYSTEM32\CRYPTBASE.dll
0x00007ffe33c60000 - 0x00007ffe33c9b000 	C:\WINDOWS\SYSTEM32\IPHLPAPI.DLL
0x00007ffe355b0000 - 0x00007ffe355b8000 	C:\WINDOWS\System32\NSI.dll
0x00007ffe2a840000 - 0x00007ffe2a857000 	C:\WINDOWS\SYSTEM32\dhcpcsvc6.DLL
0x00007ffe2a720000 - 0x00007ffe2a73d000 	C:\WINDOWS\SYSTEM32\dhcpcsvc.DLL
0x00007ffe33cb0000 - 0x00007ffe33d7b000 	C:\WINDOWS\SYSTEM32\DNSAPI.dll
0x00007ffe28ba0000 - 0x00007ffe28baa000 	C:\Windows\System32\rasadhlp.dll
0x00007ffe2b040000 - 0x00007ffe2b0bf000 	C:\WINDOWS\System32\fwpuclnt.dll

dbghelp: loaded successfully - version: 4.0.5 - missing functions: none
symbol engine: initialized successfully - sym options: 0x614 - pdb path: .;D:\Users\a.gordeeva\.jdks\liberica-17.0.3\bin;C:\WINDOWS\SYSTEM32;C:\WINDOWS\WinSxS\amd64_microsoft.windows.common-controls_6595b64144ccf1df_6.0.19041.1110_none_60b5254171f9507e;D:\Users\a.gordeeva\.jdks\liberica-17.0.3\bin\server;D:\Programs\IntelliJ IDEA Community Edition 2022.1.1\bin

VM Arguments:
jvm_args: -ea -Didea.test.cyclic.buffer.size=1048576 -javaagent:D:\Programs\IntelliJ IDEA Community Edition 2022.1.1\lib\idea_rt.jar=62089:D:\Programs\IntelliJ IDEA Community Edition 2022.1.1\bin -Dfile.encoding=UTF-8 
java_command: com.intellij.rt.junit.JUnitStarter -ideVersion5 -junit4 UserServiceTests,getBuyerTest
java_class_path (initial): D:\Programs\IntelliJ IDEA Community Edition 2022.1.1\lib\idea_rt.jar;D:\Programs\IntelliJ IDEA Community Edition 2022.1.1\plugins\junit\lib\junit5-rt.jar;D:\Programs\IntelliJ IDEA Community Edition 2022.1.1\plugins\junit\lib\junit-rt.jar;D:\Projects\RestAssuredTests\RestAssuredTests\target\test-classes;D:\Projects\RestAssuredTests\RestAssuredTests\target\classes;D:\Users\a.gordeeva\.m2\repository\org\junit\jupiter\junit-jupiter-api\5.9.0-M1\junit-jupiter-api-5.9.0-M1.jar;D:\Users\a.gordeeva\.m2\repository\org\opentest4j\opentest4j\1.2.0\opentest4j-1.2.0.jar;D:\Users\a.gordeeva\.m2\repository\org\junit\platform\junit-platform-commons\1.9.0-M1\junit-platform-commons-1.9.0-M1.jar;D:\Users\a.gordeeva\.m2\repository\org\apiguardian\apiguardian-api\1.1.2\apiguardian-api-1.1.2.jar;D:\Users\a.gordeeva\.m2\repository\io\rest-assured\rest-assured\5.1.1\rest-assured-5.1.1.jar;D:\Users\a.gordeeva\.m2\repository\org\apache\groovy\groovy\4.0.1\groovy-4.0.1.jar;D:\Users\a.gordeeva\.m2\repository\org\apache\groovy\groovy-xml\4.0.1\groovy-xml-4.0.1.jar;D:\Users\a.gordeeva\.m2\repository\org\apache\httpcomponents\httpclient\4.5.13\httpclient-4.5.13.jar;D:\Users\a.gordeeva\.m2\repository\org\apache\httpcomponents\httpcore\4.4.13\httpcore-4.4.13.jar;D:\Users\a.gordeeva\.m2\repository\commons-logging\commons-logging\1.2\commons-logging-1.2.jar;D:\Users\a.gordeeva\.m2\repository\commons-codec\commons-codec\1.11\commons-codec-1.11.jar;D:\Users\a.gordeeva\.m2\repository\org\apache\httpcomponents\httpmime\4.5.13\httpmime-4.5.13.jar;D:\Users\a.gordeeva\.m2\repository\org\hamcrest\hamcrest\2.1\hamcrest-2.1.jar;D:\Users\a.gordeeva\.m2\repository\org\ccil\cowan\tagsoup\tagsoup\1.2.1\tagsoup-1.2.1.jar;D:\Users\a.gordeeva\.m2\repository\io\rest-assured\json-path\5.1.1\json-path-5.1.1.jar;D:\Users\a.gordeeva\.m2\repository\org\apache\groovy\groovy-json\4.0.1\groovy-json-4.0.1.jar;D:\Users\a.gordeeva\.m2\repository\io\rest-assured\rest-assured-common\5.1.1\rest-assured-
Launcher Type: SUN_STANDARD

[Global flags]
     intx CICompilerCount                          = 4                                         {product} {ergonomic}
     uint ConcGCThreads                            = 2                                         {product} {ergonomic}
     uint G1ConcRefinementThreads                  = 8                                         {product} {ergonomic}
   size_t G1HeapRegionSize                         = 2097152                                   {product} {ergonomic}
    uintx GCDrainStackTargetSize                   = 64                                        {product} {ergonomic}
   size_t InitialHeapSize                          = 260046848                                 {product} {ergonomic}
   size_t MarkStackSize                            = 4194304                                   {product} {ergonomic}
   size_t MaxHeapSize                              = 4137680896                                {product} {ergonomic}
   size_t MaxNewSize                               = 2480930816                                {product} {ergonomic}
   size_t MinHeapDeltaBytes                        = 2097152                                   {product} {ergonomic}
   size_t MinHeapSize                              = 8388608                                   {product} {ergonomic}
    uintx NonNMethodCodeHeapSize                   = 5839372                                {pd product} {ergonomic}
    uintx NonProfiledCodeHeapSize                  = 122909434                              {pd product} {ergonomic}
    uintx ProfiledCodeHeapSize                     = 122909434                              {pd product} {ergonomic}
    uintx ReservedCodeCacheSize                    = 251658240                              {pd product} {ergonomic}
     bool SegmentedCodeCache                       = true                                      {product} {ergonomic}
   size_t SoftMaxHeapSize                          = 4137680896                             {manageable} {ergonomic}
     bool UseCompressedClassPointers               = true                           {product lp64_product} {ergonomic}
     bool UseCompressedOops                        = true                           {product lp64_product} {ergonomic}
     bool UseG1GC                                  = true                                      {product} {ergonomic}
     bool UseLargePagesIndividualAllocation        = false                                  {pd product} {ergonomic}

Logging:
Log output configuration:
 #0: stdout all=warning uptime,level,tags
 #1: stderr all=off uptime,level,tags

Environment Variables:
JAVA_HOME=C:\Program Files\BellSoft\LibericaJDK-17\
PATH=C:\Program Files\BellSoft\LibericaJDK-17\bin\;C:\Program Files\apache-maven-3.6.3\bin;C:\Program Files\BellSoft\LibericaJDK-11\bin\;C:\Program Files (x86)\Common Files\Oracle\Java\javapath;C:\WINDOWS\system32;C:\WINDOWS;C:\WINDOWS\System32\Wbem;C:\WINDOWS\System32\WindowsPowerShell\v1.0\;C:\WINDOWS\System32\OpenSSH\;C:\Program Files\Docker\Docker\resources\bin;C:\ProgramData\DockerDesktop\version-bin;D:\Users\a.gordeeva\AppData\Local\Microsoft\WindowsApps;D:\Programs\Git\cmd;%IntelliJ IDEA Community Edition%;D:\Programs\Fiddler
USERNAME=a.gordeeva
OS=Windows_NT
PROCESSOR_IDENTIFIER=Intel64 Family 6 Model 140 Stepping 1, GenuineIntel



---------------  S Y S T E M  ---------------

OS:
 Windows 10 , 64 bit Build 19041 (10.0.19041.1503)
OS uptime: 6 days 21:18 hours
Hyper-V role detected

CPU: total 8 (initial active 8) (4 cores per cpu, 2 threads per core) family 6 model 140 stepping 1 microcode 0x86, cx8, cmov, fxsr, ht, mmx, 3dnowpref, sse, sse2, sse3, ssse3, sse4.1, sse4.2, popcnt, lzcnt, tsc, tscinvbit, avx, avx2, aes, erms, clmul, bmi1, bmi2, adx, avx512f, avx512dq, avx512cd, avx512bw, avx512vl, sha, fma, vzeroupper, avx512_vpopcntdq, avx512_vpclmulqdq, avx512_vaes, avx512_vnni, clflush, clflushopt, clwb, avx512_vbmi2, avx512_vbmi, hv

Memory: 4k page, system-wide physical 15777M (1656M free)
TotalPageFile size 27929M (AvailPageFile size 5M)
current process WorkingSet (physical memory assigned to process): 214M, peak: 214M
current process commit charge ("private bytes"): 414M, peak: 415M

vm_info: OpenJDK 64-Bit Server VM (17.0.3+7-LTS) for windows-amd64 JRE (17.0.3+7-LTS), built on Apr 18 2022 18:03:59 by "" with MS VC++ 15.9 (VS2017)

END.
